<?xml version="1.0" encoding="UTF-8" ?>
<testsuite tests="16" failures="0" name="com.privalia.calculatorexample.integration.test.CalculatorIntegrationTest" time="0.003" errors="0" skipped="0">
  <properties>
    <property name="java.runtime.name" value="Java(TM) SE Runtime Environment"/>
    <property name="sun.boot.library.path" value="C:\Program Files\Java\jdk1.8.0_131\jre\bin"/>
    <property name="java.vm.version" value="25.131-b11"/>
    <property name="java.vm.vendor" value="Oracle Corporation"/>
    <property name="maven.multiModuleProjectDirectory" value="C:\Users\xavier.ribas\workspace3\PrivaliaSpringProject"/>
    <property name="java.vendor.url" value="http://java.oracle.com/"/>
    <property name="path.separator" value=";"/>
    <property name="guice.disable.misplaced.annotation.check" value="true"/>
    <property name="java.vm.name" value="Java HotSpot(TM) 64-Bit Server VM"/>
    <property name="file.encoding.pkg" value="sun.io"/>
    <property name="user.script" value=""/>
    <property name="user.country" value="ES"/>
    <property name="sun.java.launcher" value="SUN_STANDARD"/>
    <property name="sun.os.patch.level" value=""/>
    <property name="java.vm.specification.name" value="Java Virtual Machine Specification"/>
    <property name="user.dir" value="C:\Users\xavier.ribas\workspace3\PrivaliaSpringProject"/>
    <property name="java.runtime.version" value="1.8.0_131-b11"/>
    <property name="java.awt.graphicsenv" value="sun.awt.Win32GraphicsEnvironment"/>
    <property name="java.endorsed.dirs" value="C:\Program Files\Java\jdk1.8.0_131\jre\lib\endorsed"/>
    <property name="os.arch" value="amd64"/>
    <property name="java.io.tmpdir" value="C:\Users\XAVIER~1.RIB\AppData\Local\Temp\"/>
    <property name="line.separator" value="
"/>
    <property name="java.vm.specification.vendor" value="Oracle Corporation"/>
    <property name="user.variant" value=""/>
    <property name="os.name" value="Windows 10"/>
    <property name="classworlds.conf" value="C:\Program Files\apache-maven-3.5.2\bin\..\bin\m2.conf"/>
    <property name="sun.jnu.encoding" value="Cp1252"/>
    <property name="java.library.path" value="C:\Program Files\Java\jdk1.8.0_131\bin;C:\Windows\Sun\Java\bin;C:\Windows\system32;C:\Windows;C:\Program Files\Docker\Docker\Resources\bin;C:\oraclexe\app\oracle\product\11.2.0\server\bin;C:\ProgramData\Oracle\Java\javapath;C:\Windows\system32;C:\Windows;C:\Windows\System32\Wbem;C:\Windows\System32\WindowsPowerShell\v1.0\;C:\Program Files\Intel\WiFi\bin\;C:\Program Files\Common Files\Intel\WirelessCommon\;C:\Windows\system32\config\systemprofile\.dnx\bin;C:\Program Files\Microsoft DNX\Dnvm\;C:\Program Files\Microsoft SQL Server\130\Tools\Binn\;C:\Program Files (x86)\Microsoft Emulator Manager\1.0\;C:\Program Files (x86)\GitExtensions\;C:\Program Files\PuTTY\;C:\Program Files\Git\cmd;;C:\Program Files\nodejs;C:\Program Files\nodejs\;C:\Program Files (x86)\Microsoft VS Code\bin;C:\Users\xavier.ribas\AppData\Local\Microsoft\WindowsApps;C:\Users\xavier.ribas\AppData\Roaming\npm;C:\Program Files\apache-maven-3.5.2\bin;C:\Users\xavier.ribas\AppData\Local\Android\Sdk\platform-tools;;."/>
    <property name="maven.conf" value="C:\Program Files\apache-maven-3.5.2\bin\../conf"/>
    <property name="java.specification.name" value="Java Platform API Specification"/>
    <property name="java.class.version" value="52.0"/>
    <property name="sun.management.compiler" value="HotSpot 64-Bit Tiered Compilers"/>
    <property name="os.version" value="10.0"/>
    <property name="library.jansi.path" value="C:\Program Files\apache-maven-3.5.2\bin\..\lib\jansi-native"/>
    <property name="user.home" value="C:\Users\xavier.ribas"/>
    <property name="user.timezone" value="Europe/Paris"/>
    <property name="java.awt.printerjob" value="sun.awt.windows.WPrinterJob"/>
    <property name="java.specification.version" value="1.8"/>
    <property name="file.encoding" value="Cp1252"/>
    <property name="user.name" value="xavier.ribas"/>
    <property name="java.class.path" value="C:\Program Files\apache-maven-3.5.2\bin\..\boot\plexus-classworlds-2.5.2.jar"/>
    <property name="java.vm.specification.version" value="1.8"/>
    <property name="sun.arch.data.model" value="64"/>
    <property name="java.home" value="C:\Program Files\Java\jdk1.8.0_131\jre"/>
    <property name="sun.java.command" value="org.codehaus.plexus.classworlds.launcher.Launcher test"/>
    <property name="java.specification.vendor" value="Oracle Corporation"/>
    <property name="user.language" value="es"/>
    <property name="awt.toolkit" value="sun.awt.windows.WToolkit"/>
    <property name="java.vm.info" value="mixed mode"/>
    <property name="java.version" value="1.8.0_131"/>
    <property name="java.ext.dirs" value="C:\Program Files\Java\jdk1.8.0_131\jre\lib\ext;C:\Windows\Sun\Java\lib\ext"/>
    <property name="sun.boot.class.path" value="C:\Program Files\Java\jdk1.8.0_131\jre\lib\resources.jar;C:\Program Files\Java\jdk1.8.0_131\jre\lib\rt.jar;C:\Program Files\Java\jdk1.8.0_131\jre\lib\sunrsasign.jar;C:\Program Files\Java\jdk1.8.0_131\jre\lib\jsse.jar;C:\Program Files\Java\jdk1.8.0_131\jre\lib\jce.jar;C:\Program Files\Java\jdk1.8.0_131\jre\lib\charsets.jar;C:\Program Files\Java\jdk1.8.0_131\jre\lib\jfr.jar;C:\Program Files\Java\jdk1.8.0_131\jre\classes"/>
    <property name="sun.stderr.encoding" value="cp850"/>
    <property name="java.vendor" value="Oracle Corporation"/>
    <property name="maven.home" value="C:\Program Files\apache-maven-3.5.2\bin\.."/>
    <property name="file.separator" value="\"/>
    <property name="java.vendor.url.bug" value="http://bugreport.sun.com/bugreport/"/>
    <property name="sun.cpu.endian" value="little"/>
    <property name="sun.io.unicode.encoding" value="UnicodeLittle"/>
    <property name="sun.stdout.encoding" value="cp850"/>
    <property name="sun.desktop" value="windows"/>
    <property name="sun.cpu.isalist" value="amd64"/>
  </properties>
  <testcase classname="com.privalia.calculatorexample.integration.test.CalculatorIntegrationTest" name="testAdd(1,2,3) [0]" time="0.001"/>
  <testcase classname="com.privalia.calculatorexample.integration.test.CalculatorIntegrationTest" name="testAdd(-10, 30, 20) [1]" time="0"/>
  <testcase classname="com.privalia.calculatorexample.integration.test.CalculatorIntegrationTest" name="testAdd(15, -5, 10) [2]" time="0"/>
  <testcase classname="com.privalia.calculatorexample.integration.test.CalculatorIntegrationTest" name="testAdd(-5, -10, -15) [3]" time="0"/>
  <testcase classname="com.privalia.calculatorexample.integration.test.CalculatorIntegrationTest" name="testSubstract(2,1,1) [0]" time="0"/>
  <testcase classname="com.privalia.calculatorexample.integration.test.CalculatorIntegrationTest" name="testSubstract(-10, 30, -40) [1]" time="0"/>
  <testcase classname="com.privalia.calculatorexample.integration.test.CalculatorIntegrationTest" name="testSubstract(15, 5, 10) [2]" time="0"/>
  <testcase classname="com.privalia.calculatorexample.integration.test.CalculatorIntegrationTest" name="testSubstract(-5, -1, -4) [3]" time="0"/>
  <testcase classname="com.privalia.calculatorexample.integration.test.CalculatorIntegrationTest" name="testDivide(2,1,2) [0]" time="0"/>
  <testcase classname="com.privalia.calculatorexample.integration.test.CalculatorIntegrationTest" name="testDivide(-10, 5, -2) [1]" time="0"/>
  <testcase classname="com.privalia.calculatorexample.integration.test.CalculatorIntegrationTest" name="testDivide(15, 5, 3) [2]" time="0"/>
  <testcase classname="com.privalia.calculatorexample.integration.test.CalculatorIntegrationTest" name="testDivide(25, 5, 5) [3]" time="0.001"/>
  <testcase classname="com.privalia.calculatorexample.integration.test.CalculatorIntegrationTest" name="testMultiply(1,2,2) [0]" time="0"/>
  <testcase classname="com.privalia.calculatorexample.integration.test.CalculatorIntegrationTest" name="testMultiply(-10, 30, -300) [1]" time="0"/>
  <testcase classname="com.privalia.calculatorexample.integration.test.CalculatorIntegrationTest" name="testMultiply(15, -5, -75) [2]" time="0"/>
  <testcase classname="com.privalia.calculatorexample.integration.test.CalculatorIntegrationTest" name="testMultiply(-5, -10, 50) [3]" time="0.001"/>
</testsuite>